<?xml version="1.0" encoding="UTF-8"?>
<testsuite xmlns:xsi="http://www.w3.org/2001/XMLSchema-instance" xsi:schemaLocation="https://maven.apache.org/surefire/maven-surefire-plugin/xsd/surefire-test-report.xsd" name="TestSuite" time="0.456" tests="10" errors="0" skipped="1" failures="1">
  <properties>
[...]
</properties>
  <testcase name="f" classname="tests.Testing1" time="0.001"/>
  <testcase name="f" classname="tests.Testing1" time="0"/>
  <testcase name="test1" classname="tests.Testing1" time="0"/>
  <testcase name="test2" classname="tests.Testing1" time="0"/>
  <testcase name="test3" classname="tests.Testing1" time="0"/>
  <testcase name="Test4" classname="tests.Testing2" time="0"/>
  <testcase name="Test5" classname="tests.Testing2" time="0"/>
  <testcase name="createUser" classname="tests.Testing3" time="0.002"/>
  <testcase name="editUser" classname="tests.Testing3" time="0.01">
    <failure message="The following asserts failed:&#10;	Verifying Element expected [true] but found [false]" type="java.lang.AssertionError">java.lang.AssertionError: 
The following asserts failed:
	Verifying Element expected [true] but found [false]
	at tests.Testing3.editUser(Testing3.java:28)
</failure>
    <system-out><![CDATA[I am in home test
Before assertion
After assertion
]]></system-out>
  </testcase>
  <testcase name="deleteUser" classname="tests.Testing3" time="0">
    <skipped message="Method tests.Testing3.deleteUser() on instance tests.Testing3@70b0b186 depends on not successfully finished methods &#10;[tests.Testing3.editUser() on instance tests.Testing3@70b0b186]"/>
  </testcase>
</testsuite>